<?xml version="1.0" encoding="UTF-8" ?>
<testsuite failures="0" time="0.008" errors="0" skipped="0" tests="1" name="com.skcoe.common.AppTest">
  <properties>
    <property name="java.runtime.name" value="Java(TM) SE Runtime Environment"/>
    <property name="sun.boot.library.path" value="C:\Program Files\Java\jdk1.6.0_23\jre\bin"/>
    <property name="java.vm.version" value="19.0-b09"/>
    <property name="java.vm.vendor" value="Sun Microsystems Inc."/>
    <property name="java.vendor.url" value="http://java.sun.com/"/>
    <property name="path.separator" value=";"/>
    <property name="java.vm.name" value="Java HotSpot(TM) Client VM"/>
    <property name="file.encoding.pkg" value="sun.io"/>
    <property name="user.country" value="US"/>
    <property name="sun.java.launcher" value="SUN_STANDARD"/>
    <property name="sun.os.patch.level" value="Service Pack 1"/>
    <property name="java.vm.specification.name" value="Java Virtual Machine Specification"/>
    <property name="user.dir" value="D:\ProjectTest\Hibernate\HibernateExample"/>
    <property name="java.runtime.version" value="1.6.0_23-b05"/>
    <property name="java.awt.graphicsenv" value="sun.awt.Win32GraphicsEnvironment"/>
    <property name="basedir" value="D:\ProjectTest\Hibernate\HibernateExample"/>
    <property name="java.endorsed.dirs" value="C:\Program Files\Java\jdk1.6.0_23\jre\lib\endorsed"/>
    <property name="os.arch" value="x86"/>
    <property name="surefire.real.class.path" value="D:\ProjectTest\Hibernate\HibernateExample\target\surefire\surefirebooter3756940714067759813.jar"/>
    <property name="java.io.tmpdir" value="C:\Users\varab197\AppData\Local\Temp\"/>
    <property name="line.separator" value="
"/>
    <property name="java.vm.specification.vendor" value="Sun Microsystems Inc."/>
    <property name="user.variant" value=""/>
    <property name="os.name" value="Windows 7"/>
    <property name="sun.jnu.encoding" value="MS874"/>
    <property name="java.library.path" value="C:\Program Files\Java\jdk1.6.0_23\jre\bin;.;C:\Windows\Sun\Java\bin;C:\Windows\system32;C:\Windows;C:/Program Files/Java/jre6/bin/client;C:/Program Files/Java/jre6/bin;C:/Program Files/Java/jre6/lib/i386;C:\oracle\ora92\bin;C:\Program Files\Oracle\jre\1.3.1\bin;C:\Program Files\Oracle\jre\1.1.8\bin;C:\oracle\ora10\bin;C:\Windows\system32;C:\Windows;C:\Windows\System32\Wbem;C:\Windows\System32\WindowsPowerShell\v1.0\;C:\Program Files\Intel\DMIX;C:\Program Files\Intel\WiFi\bin\;C:\Program Files\Common Files\Intel\WirelessCommon\;C:\Program Files\WIDCOMM\Bluetooth Software\;C:\Program Files\Aladdin\eToken\PKIClient\x32;C:\Program Files\Microsoft Application Virtualization Client;C:\Program Files\Java\jdk1.6.0_23/bin;D:\Lib\apache-maven-2.2.1/bin;D:\Varakorn\Software\eclipse;"/>
    <property name="surefire.test.class.path" value="D:\ProjectTest\Hibernate\HibernateExample\target\test-classes;D:\ProjectTest\Hibernate\HibernateExample\target\classes;D:\Lib\LibMavenRepo\junit\junit\3.8.1\junit-3.8.1.jar;D:\Lib\LibMavenRepo\mysql\mysql-connector-java\5.1.9\mysql-connector-java-5.1.9.jar;D:\Lib\LibMavenRepo\org\hibernate\hibernate-core\4.1.4.Final\hibernate-core-4.1.4.Final.jar;D:\Lib\LibMavenRepo\antlr\antlr\2.7.7\antlr-2.7.7.jar;D:\Lib\LibMavenRepo\org\jboss\logging\jboss-logging\3.1.0.GA\jboss-logging-3.1.0.GA.jar;D:\Lib\LibMavenRepo\org\jboss\spec\javax\transaction\jboss-transaction-api_1.1_spec\1.0.0.Final\jboss-transaction-api_1.1_spec-1.0.0.Final.jar;D:\Lib\LibMavenRepo\org\hibernate\javax\persistence\hibernate-jpa-2.0-api\1.0.1.Final\hibernate-jpa-2.0-api-1.0.1.Final.jar;D:\Lib\LibMavenRepo\org\javassist\javassist\3.15.0-GA\javassist-3.15.0-GA.jar;D:\Lib\LibMavenRepo\org\hibernate\common\hibernate-commons-annotations\4.0.1.Final\hibernate-commons-annotations-4.0.1.Final.jar;D:\Lib\LibMavenRepo\org\hibernate\hibernate-annotations\3.5.6-Final\hibernate-annotations-3.5.6-Final.jar;D:\Lib\LibMavenRepo\org\slf4j\slf4j-api\1.5.8\slf4j-api-1.5.8.jar;D:\Lib\LibMavenRepo\org\hibernate\hibernate-commons-annotations\3.3.0.ga\hibernate-commons-annotations-3.3.0.ga.jar;D:\Lib\LibMavenRepo\org\hibernate\hibernate\3.2.1.ga\hibernate-3.2.1.ga.jar;D:\Lib\LibMavenRepo\net\sf\ehcache\ehcache\1.2.3\ehcache-1.2.3.jar;D:\Lib\LibMavenRepo\asm\asm-attrs\1.5.3\asm-attrs-1.5.3.jar;D:\Lib\LibMavenRepo\javax\persistence\persistence-api\1.0\persistence-api-1.0.jar;D:\Lib\LibMavenRepo\dom4j\dom4j\1.6.1\dom4j-1.6.1.jar;D:\Lib\LibMavenRepo\xml-apis\xml-apis\1.0.b2\xml-apis-1.0.b2.jar;D:\Lib\LibMavenRepo\commons-logging\commons-logging\1.1.1\commons-logging-1.1.1.jar;D:\Lib\LibMavenRepo\commons-collections\commons-collections\3.2.1\commons-collections-3.2.1.jar;D:\Lib\LibMavenRepo\org\slf4j\slf4j-nop\1.6.6\slf4j-nop-1.6.6.jar;D:\Lib\LibMavenRepo\cglib\cglib\2.2\cglib-2.2.jar;D:\Lib\LibMavenRepo\asm\asm\3.1\asm-3.1.jar;D:\Lib\LibMavenRepo\javax\transaction\jta\1.1\jta-1.1.jar;"/>
    <property name="java.specification.name" value="Java Platform API Specification"/>
    <property name="java.class.version" value="50.0"/>
    <property name="sun.management.compiler" value="HotSpot Client Compiler"/>
    <property name="os.version" value="6.1"/>
    <property name="user.home" value="C:\Users\varab197"/>
    <property name="user.timezone" value=""/>
    <property name="java.awt.printerjob" value="sun.awt.windows.WPrinterJob"/>
    <property name="java.specification.version" value="1.6"/>
    <property name="file.encoding" value="Cp1252"/>
    <property name="user.name" value="varab197"/>
    <property name="java.class.path" value="D:\ProjectTest\Hibernate\HibernateExample\target\test-classes;D:\ProjectTest\Hibernate\HibernateExample\target\classes;D:\Lib\LibMavenRepo\junit\junit\3.8.1\junit-3.8.1.jar;D:\Lib\LibMavenRepo\mysql\mysql-connector-java\5.1.9\mysql-connector-java-5.1.9.jar;D:\Lib\LibMavenRepo\org\hibernate\hibernate-core\4.1.4.Final\hibernate-core-4.1.4.Final.jar;D:\Lib\LibMavenRepo\antlr\antlr\2.7.7\antlr-2.7.7.jar;D:\Lib\LibMavenRepo\org\jboss\logging\jboss-logging\3.1.0.GA\jboss-logging-3.1.0.GA.jar;D:\Lib\LibMavenRepo\org\jboss\spec\javax\transaction\jboss-transaction-api_1.1_spec\1.0.0.Final\jboss-transaction-api_1.1_spec-1.0.0.Final.jar;D:\Lib\LibMavenRepo\org\hibernate\javax\persistence\hibernate-jpa-2.0-api\1.0.1.Final\hibernate-jpa-2.0-api-1.0.1.Final.jar;D:\Lib\LibMavenRepo\org\javassist\javassist\3.15.0-GA\javassist-3.15.0-GA.jar;D:\Lib\LibMavenRepo\org\hibernate\common\hibernate-commons-annotations\4.0.1.Final\hibernate-commons-annotations-4.0.1.Final.jar;D:\Lib\LibMavenRepo\org\hibernate\hibernate-annotations\3.5.6-Final\hibernate-annotations-3.5.6-Final.jar;D:\Lib\LibMavenRepo\org\slf4j\slf4j-api\1.5.8\slf4j-api-1.5.8.jar;D:\Lib\LibMavenRepo\org\hibernate\hibernate-commons-annotations\3.3.0.ga\hibernate-commons-annotations-3.3.0.ga.jar;D:\Lib\LibMavenRepo\org\hibernate\hibernate\3.2.1.ga\hibernate-3.2.1.ga.jar;D:\Lib\LibMavenRepo\net\sf\ehcache\ehcache\1.2.3\ehcache-1.2.3.jar;D:\Lib\LibMavenRepo\asm\asm-attrs\1.5.3\asm-attrs-1.5.3.jar;D:\Lib\LibMavenRepo\javax\persistence\persistence-api\1.0\persistence-api-1.0.jar;D:\Lib\LibMavenRepo\dom4j\dom4j\1.6.1\dom4j-1.6.1.jar;D:\Lib\LibMavenRepo\xml-apis\xml-apis\1.0.b2\xml-apis-1.0.b2.jar;D:\Lib\LibMavenRepo\commons-logging\commons-logging\1.1.1\commons-logging-1.1.1.jar;D:\Lib\LibMavenRepo\commons-collections\commons-collections\3.2.1\commons-collections-3.2.1.jar;D:\Lib\LibMavenRepo\org\slf4j\slf4j-nop\1.6.6\slf4j-nop-1.6.6.jar;D:\Lib\LibMavenRepo\cglib\cglib\2.2\cglib-2.2.jar;D:\Lib\LibMavenRepo\asm\asm\3.1\asm-3.1.jar;D:\Lib\LibMavenRepo\javax\transaction\jta\1.1\jta-1.1.jar;"/>
    <property name="java.vm.specification.version" value="1.0"/>
    <property name="sun.arch.data.model" value="32"/>
    <property name="java.home" value="C:\Program Files\Java\jdk1.6.0_23\jre"/>
    <property name="java.specification.vendor" value="Sun Microsystems Inc."/>
    <property name="user.language" value="en"/>
    <property name="awt.toolkit" value="sun.awt.windows.WToolkit"/>
    <property name="java.vm.info" value="mixed mode, sharing"/>
    <property name="java.version" value="1.6.0_23"/>
    <property name="java.ext.dirs" value="C:\Program Files\Java\jdk1.6.0_23\jre\lib\ext;C:\Windows\Sun\Java\lib\ext"/>
    <property name="sun.boot.class.path" value="C:\Program Files\Java\jdk1.6.0_23\jre\lib\resources.jar;C:\Program Files\Java\jdk1.6.0_23\jre\lib\rt.jar;C:\Program Files\Java\jdk1.6.0_23\jre\lib\sunrsasign.jar;C:\Program Files\Java\jdk1.6.0_23\jre\lib\jsse.jar;C:\Program Files\Java\jdk1.6.0_23\jre\lib\jce.jar;C:\Program Files\Java\jdk1.6.0_23\jre\lib\charsets.jar;C:\Program Files\Java\jdk1.6.0_23\jre\lib\modules\jdk.boot.jar;C:\Program Files\Java\jdk1.6.0_23\jre\classes"/>
    <property name="java.vendor" value="Sun Microsystems Inc."/>
    <property name="localRepository" value="D:\Lib\LibMavenRepo"/>
    <property name="file.separator" value="\"/>
    <property name="java.vendor.url.bug" value="http://java.sun.com/cgi-bin/bugreport.cgi"/>
    <property name="sun.cpu.endian" value="little"/>
    <property name="sun.io.unicode.encoding" value="UnicodeLittle"/>
    <property name="sun.desktop" value="windows"/>
    <property name="sun.cpu.isalist" value="pentium_pro+mmx pentium_pro pentium+mmx pentium i486 i386 i86"/>
  </properties>
  <testcase time="0" classname="com.skcoe.common.AppTest" name="testApp"/>
</testsuite>